TN:
SF:extension\content\audio-processor.js
FN:1,(empty-report)
FNF:1
FNH:0
FNDA:0,(empty-report)
DA:1,0
DA:2,0
DA:3,0
DA:4,0
DA:5,0
DA:6,0
DA:7,0
DA:8,0
DA:9,0
DA:10,0
DA:11,0
DA:12,0
DA:13,0
DA:14,0
DA:15,0
DA:16,0
DA:17,0
DA:18,0
DA:19,0
DA:20,0
DA:21,0
DA:22,0
DA:23,0
DA:24,0
DA:25,0
DA:26,0
DA:27,0
DA:28,0
DA:29,0
DA:30,0
DA:31,0
DA:32,0
DA:33,0
DA:34,0
DA:35,0
DA:36,0
DA:37,0
DA:38,0
DA:39,0
DA:40,0
DA:41,0
DA:42,0
DA:43,0
DA:44,0
DA:45,0
DA:46,0
DA:47,0
DA:48,0
DA:49,0
DA:50,0
DA:51,0
DA:52,0
DA:53,0
DA:54,0
DA:55,0
DA:56,0
DA:57,0
DA:58,0
DA:59,0
DA:60,0
DA:61,0
DA:62,0
DA:63,0
DA:64,0
DA:65,0
DA:66,0
DA:67,0
DA:68,0
DA:69,0
DA:70,0
DA:71,0
DA:72,0
DA:73,0
DA:74,0
DA:75,0
DA:76,0
DA:77,0
DA:78,0
DA:79,0
DA:80,0
DA:81,0
DA:82,0
DA:83,0
DA:84,0
DA:85,0
DA:86,0
DA:87,0
DA:88,0
DA:89,0
DA:90,0
DA:91,0
DA:92,0
DA:93,0
DA:94,0
DA:95,0
DA:96,0
DA:97,0
DA:98,0
DA:99,0
DA:100,0
DA:101,0
DA:102,0
DA:103,0
DA:104,0
DA:105,0
DA:106,0
DA:107,0
DA:108,0
DA:109,0
DA:110,0
DA:111,0
DA:112,0
DA:113,0
DA:114,0
DA:115,0
DA:116,0
DA:117,0
DA:118,0
DA:119,0
DA:120,0
DA:121,0
DA:122,0
DA:123,0
DA:124,0
DA:125,0
DA:126,0
DA:127,0
DA:128,0
DA:129,0
DA:130,0
DA:131,0
DA:132,0
DA:133,0
DA:134,0
DA:135,0
DA:136,0
DA:137,0
DA:138,0
DA:139,0
DA:140,0
DA:141,0
DA:142,0
DA:143,0
DA:144,0
DA:145,0
DA:146,0
DA:147,0
DA:148,0
DA:149,0
DA:150,0
DA:151,0
DA:152,0
DA:153,0
DA:154,0
DA:155,0
DA:156,0
DA:157,0
DA:158,0
DA:159,0
DA:160,0
DA:161,0
DA:162,0
DA:163,0
DA:164,0
DA:165,0
DA:166,0
DA:167,0
DA:168,0
DA:169,0
DA:170,0
DA:171,0
DA:172,0
DA:173,0
DA:174,0
DA:175,0
DA:176,0
DA:177,0
DA:178,0
DA:179,0
DA:180,0
DA:181,0
DA:182,0
DA:183,0
DA:184,0
DA:185,0
DA:186,0
DA:187,0
DA:188,0
DA:189,0
DA:190,0
DA:191,0
DA:192,0
DA:193,0
DA:194,0
DA:195,0
DA:196,0
DA:197,0
DA:198,0
DA:199,0
DA:200,0
DA:201,0
DA:202,0
DA:203,0
DA:204,0
DA:205,0
DA:206,0
DA:207,0
DA:208,0
DA:209,0
DA:210,0
DA:211,0
DA:212,0
DA:213,0
DA:214,0
DA:215,0
DA:216,0
DA:217,0
DA:218,0
DA:219,0
DA:220,0
DA:221,0
DA:222,0
DA:223,0
DA:224,0
DA:225,0
DA:226,0
DA:227,0
DA:228,0
DA:229,0
DA:230,0
DA:231,0
DA:232,0
DA:233,0
DA:234,0
DA:235,0
DA:236,0
DA:237,0
DA:238,0
DA:239,0
DA:240,0
DA:241,0
DA:242,0
DA:243,0
DA:244,0
DA:245,0
DA:246,0
DA:247,0
DA:248,0
DA:249,0
DA:250,0
DA:251,0
DA:252,0
DA:253,0
DA:254,0
DA:255,0
DA:256,0
DA:257,0
DA:258,0
DA:259,0
DA:260,0
DA:261,0
DA:262,0
DA:263,0
DA:264,0
DA:265,0
DA:266,0
DA:267,0
DA:268,0
DA:269,0
DA:270,0
DA:271,0
DA:272,0
DA:273,0
DA:274,0
DA:275,0
LF:275
LH:0
BRDA:1,0,0,0
BRF:1
BRH:0
end_of_record
TN:
SF:extension\content\avatar-overlay.js
FN:1,(empty-report)
FNF:1
FNH:0
FNDA:0,(empty-report)
DA:1,0
DA:2,0
DA:3,0
DA:4,0
DA:5,0
DA:6,0
DA:7,0
DA:8,0
DA:9,0
DA:10,0
DA:11,0
DA:12,0
DA:13,0
DA:14,0
DA:15,0
DA:16,0
DA:17,0
DA:18,0
DA:19,0
DA:20,0
DA:21,0
DA:22,0
DA:23,0
DA:24,0
DA:25,0
DA:26,0
DA:27,0
DA:28,0
DA:29,0
DA:30,0
DA:31,0
DA:32,0
DA:33,0
DA:34,0
DA:35,0
DA:36,0
DA:37,0
DA:38,0
DA:39,0
DA:40,0
DA:41,0
DA:42,0
DA:43,0
DA:44,0
DA:45,0
DA:46,0
DA:47,0
DA:48,0
DA:49,0
DA:50,0
DA:51,0
DA:52,0
DA:53,0
DA:54,0
DA:55,0
DA:56,0
DA:57,0
DA:58,0
DA:59,0
DA:60,0
DA:61,0
DA:62,0
DA:63,0
DA:64,0
DA:65,0
DA:66,0
DA:67,0
DA:68,0
DA:69,0
DA:70,0
DA:71,0
DA:72,0
DA:73,0
DA:74,0
DA:75,0
DA:76,0
DA:77,0
DA:78,0
DA:79,0
DA:80,0
DA:81,0
DA:82,0
DA:83,0
DA:84,0
DA:85,0
DA:86,0
DA:87,0
DA:88,0
DA:89,0
DA:90,0
DA:91,0
DA:92,0
DA:93,0
DA:94,0
DA:95,0
DA:96,0
DA:97,0
DA:98,0
DA:99,0
DA:100,0
DA:101,0
DA:102,0
DA:103,0
DA:104,0
DA:105,0
DA:106,0
DA:107,0
DA:108,0
DA:109,0
DA:110,0
DA:111,0
DA:112,0
DA:113,0
DA:114,0
DA:115,0
DA:116,0
DA:117,0
DA:118,0
DA:119,0
DA:120,0
DA:121,0
DA:122,0
DA:123,0
DA:124,0
DA:125,0
DA:126,0
DA:127,0
DA:128,0
DA:129,0
DA:130,0
DA:131,0
DA:132,0
DA:133,0
DA:134,0
DA:135,0
DA:136,0
DA:137,0
DA:138,0
DA:139,0
DA:140,0
DA:141,0
DA:142,0
DA:143,0
DA:144,0
DA:145,0
DA:146,0
DA:147,0
DA:148,0
DA:149,0
DA:150,0
DA:151,0
DA:152,0
DA:153,0
DA:154,0
DA:155,0
DA:156,0
DA:157,0
DA:158,0
DA:159,0
DA:160,0
DA:161,0
DA:162,0
DA:163,0
DA:164,0
DA:165,0
DA:166,0
DA:167,0
DA:168,0
DA:169,0
DA:170,0
DA:171,0
DA:172,0
DA:173,0
DA:174,0
DA:175,0
DA:176,0
DA:177,0
DA:178,0
DA:179,0
DA:180,0
DA:181,0
DA:182,0
DA:183,0
DA:184,0
DA:185,0
DA:186,0
DA:187,0
DA:188,0
DA:189,0
DA:190,0
DA:191,0
DA:192,0
DA:193,0
DA:194,0
DA:195,0
DA:196,0
DA:197,0
DA:198,0
DA:199,0
DA:200,0
DA:201,0
DA:202,0
DA:203,0
DA:204,0
DA:205,0
DA:206,0
DA:207,0
DA:208,0
DA:209,0
DA:210,0
DA:211,0
DA:212,0
DA:213,0
DA:214,0
DA:215,0
DA:216,0
DA:217,0
DA:218,0
DA:219,0
DA:220,0
DA:221,0
DA:222,0
DA:223,0
DA:224,0
DA:225,0
DA:226,0
DA:227,0
DA:228,0
DA:229,0
DA:230,0
DA:231,0
DA:232,0
DA:233,0
DA:234,0
DA:235,0
DA:236,0
DA:237,0
DA:238,0
DA:239,0
DA:240,0
DA:241,0
DA:242,0
DA:243,0
DA:244,0
DA:245,0
DA:246,0
DA:247,0
DA:248,0
DA:249,0
DA:250,0
DA:251,0
DA:252,0
DA:253,0
DA:254,0
DA:255,0
DA:256,0
DA:257,0
DA:258,0
DA:259,0
DA:260,0
DA:261,0
DA:262,0
DA:263,0
DA:264,0
DA:265,0
DA:266,0
DA:267,0
DA:268,0
DA:269,0
DA:270,0
DA:271,0
DA:272,0
DA:273,0
DA:274,0
DA:275,0
DA:276,0
DA:277,0
DA:278,0
DA:279,0
DA:280,0
DA:281,0
DA:282,0
DA:283,0
DA:284,0
DA:285,0
DA:286,0
DA:287,0
DA:288,0
DA:289,0
DA:290,0
DA:291,0
DA:292,0
DA:293,0
DA:294,0
DA:295,0
DA:296,0
DA:297,0
DA:298,0
DA:299,0
DA:300,0
DA:301,0
DA:302,0
DA:303,0
DA:304,0
DA:305,0
DA:306,0
DA:307,0
DA:308,0
DA:309,0
DA:310,0
DA:311,0
DA:312,0
DA:313,0
DA:314,0
DA:315,0
DA:316,0
DA:317,0
DA:318,0
DA:319,0
DA:320,0
DA:321,0
DA:322,0
DA:323,0
DA:324,0
DA:325,0
DA:326,0
DA:327,0
DA:328,0
DA:329,0
DA:330,0
DA:331,0
DA:332,0
DA:333,0
DA:334,0
DA:335,0
DA:336,0
DA:337,0
DA:338,0
DA:339,0
DA:340,0
DA:341,0
DA:342,0
DA:343,0
DA:344,0
DA:345,0
DA:346,0
DA:347,0
DA:348,0
DA:349,0
DA:350,0
DA:351,0
DA:352,0
DA:353,0
DA:354,0
DA:355,0
DA:356,0
DA:357,0
DA:358,0
DA:359,0
DA:360,0
DA:361,0
DA:362,0
DA:363,0
DA:364,0
DA:365,0
DA:366,0
DA:367,0
DA:368,0
DA:369,0
DA:370,0
DA:371,0
DA:372,0
DA:373,0
DA:374,0
DA:375,0
DA:376,0
DA:377,0
DA:378,0
DA:379,0
DA:380,0
DA:381,0
DA:382,0
DA:383,0
DA:384,0
DA:385,0
DA:386,0
DA:387,0
DA:388,0
DA:389,0
DA:390,0
DA:391,0
DA:392,0
DA:393,0
DA:394,0
DA:395,0
DA:396,0
DA:397,0
DA:398,0
DA:399,0
DA:400,0
DA:401,0
DA:402,0
DA:403,0
DA:404,0
DA:405,0
DA:406,0
DA:407,0
DA:408,0
DA:409,0
DA:410,0
DA:411,0
DA:412,0
DA:413,0
DA:414,0
DA:415,0
DA:416,0
DA:417,0
DA:418,0
DA:419,0
DA:420,0
DA:421,0
DA:422,0
DA:423,0
DA:424,0
DA:425,0
DA:426,0
DA:427,0
DA:428,0
DA:429,0
DA:430,0
DA:431,0
DA:432,0
DA:433,0
DA:434,0
DA:435,0
DA:436,0
DA:437,0
DA:438,0
DA:439,0
DA:440,0
DA:441,0
DA:442,0
DA:443,0
DA:444,0
DA:445,0
DA:446,0
DA:447,0
DA:448,0
DA:449,0
DA:450,0
DA:451,0
DA:452,0
DA:453,0
DA:454,0
DA:455,0
DA:456,0
DA:457,0
DA:458,0
DA:459,0
DA:460,0
DA:461,0
DA:462,0
DA:463,0
DA:464,0
DA:465,0
DA:466,0
DA:467,0
DA:468,0
DA:469,0
DA:470,0
DA:471,0
DA:472,0
DA:473,0
DA:474,0
DA:475,0
DA:476,0
DA:477,0
DA:478,0
DA:479,0
DA:480,0
DA:481,0
DA:482,0
DA:483,0
DA:484,0
DA:485,0
DA:486,0
DA:487,0
DA:488,0
DA:489,0
DA:490,0
DA:491,0
DA:492,0
DA:493,0
DA:494,0
DA:495,0
DA:496,0
DA:497,0
DA:498,0
DA:499,0
DA:500,0
DA:501,0
DA:502,0
DA:503,0
DA:504,0
DA:505,0
DA:506,0
DA:507,0
DA:508,0
DA:509,0
DA:510,0
DA:511,0
DA:512,0
DA:513,0
DA:514,0
DA:515,0
DA:516,0
DA:517,0
DA:518,0
DA:519,0
DA:520,0
DA:521,0
DA:522,0
DA:523,0
DA:524,0
DA:525,0
DA:526,0
DA:527,0
DA:528,0
DA:529,0
DA:530,0
DA:531,0
LF:531
LH:0
BRDA:1,0,0,0
BRF:1
BRH:0
end_of_record
TN:
SF:extension\content\avatar-renderer.js
FN:1,(empty-report)
FNF:1
FNH:0
FNDA:0,(empty-report)
DA:1,0
DA:2,0
DA:3,0
DA:4,0
DA:5,0
DA:6,0
DA:7,0
DA:8,0
DA:9,0
DA:10,0
DA:11,0
DA:12,0
DA:13,0
DA:14,0
DA:15,0
DA:16,0
DA:17,0
DA:18,0
DA:19,0
DA:20,0
DA:21,0
DA:22,0
DA:23,0
DA:24,0
DA:25,0
DA:26,0
DA:27,0
DA:28,0
DA:29,0
DA:30,0
DA:31,0
DA:32,0
DA:33,0
DA:34,0
DA:35,0
DA:36,0
DA:37,0
DA:38,0
DA:39,0
DA:40,0
DA:41,0
DA:42,0
DA:43,0
DA:44,0
DA:45,0
DA:46,0
DA:47,0
DA:48,0
DA:49,0
DA:50,0
DA:51,0
DA:52,0
DA:53,0
DA:54,0
DA:55,0
DA:56,0
DA:57,0
DA:58,0
DA:59,0
DA:60,0
DA:61,0
DA:62,0
DA:63,0
DA:64,0
DA:65,0
DA:66,0
DA:67,0
DA:68,0
DA:69,0
DA:70,0
DA:71,0
DA:72,0
DA:73,0
DA:74,0
DA:75,0
DA:76,0
DA:77,0
DA:78,0
DA:79,0
DA:80,0
DA:81,0
DA:82,0
DA:83,0
DA:84,0
DA:85,0
DA:86,0
DA:87,0
DA:88,0
DA:89,0
DA:90,0
DA:91,0
DA:92,0
DA:93,0
DA:94,0
DA:95,0
DA:96,0
DA:97,0
DA:98,0
DA:99,0
DA:100,0
DA:101,0
DA:102,0
DA:103,0
DA:104,0
DA:105,0
DA:106,0
DA:107,0
DA:108,0
DA:109,0
DA:110,0
DA:111,0
DA:112,0
DA:113,0
DA:114,0
DA:115,0
DA:116,0
DA:117,0
DA:118,0
DA:119,0
DA:120,0
DA:121,0
DA:122,0
DA:123,0
DA:124,0
DA:125,0
DA:126,0
DA:127,0
DA:128,0
DA:129,0
DA:130,0
DA:131,0
DA:132,0
DA:133,0
DA:134,0
DA:135,0
DA:136,0
DA:137,0
DA:138,0
DA:139,0
DA:140,0
DA:141,0
DA:142,0
DA:143,0
DA:144,0
DA:145,0
DA:146,0
DA:147,0
DA:148,0
DA:149,0
DA:150,0
DA:151,0
DA:152,0
DA:153,0
DA:154,0
DA:155,0
DA:156,0
DA:157,0
DA:158,0
DA:159,0
DA:160,0
DA:161,0
DA:162,0
DA:163,0
DA:164,0
DA:165,0
DA:166,0
DA:167,0
DA:168,0
DA:169,0
DA:170,0
DA:171,0
DA:172,0
DA:173,0
DA:174,0
DA:175,0
DA:176,0
DA:177,0
DA:178,0
DA:179,0
DA:180,0
DA:181,0
DA:182,0
DA:183,0
DA:184,0
DA:185,0
DA:186,0
DA:187,0
DA:188,0
DA:189,0
DA:190,0
DA:191,0
DA:192,0
DA:193,0
DA:194,0
DA:195,0
DA:196,0
DA:197,0
DA:198,0
DA:199,0
DA:200,0
DA:201,0
DA:202,0
DA:203,0
DA:204,0
DA:205,0
DA:206,0
DA:207,0
DA:208,0
DA:209,0
DA:210,0
DA:211,0
DA:212,0
DA:213,0
DA:214,0
DA:215,0
DA:216,0
DA:217,0
DA:218,0
DA:219,0
DA:220,0
DA:221,0
DA:222,0
DA:223,0
DA:224,0
DA:225,0
DA:226,0
DA:227,0
DA:228,0
DA:229,0
DA:230,0
DA:231,0
DA:232,0
DA:233,0
DA:234,0
DA:235,0
DA:236,0
DA:237,0
DA:238,0
DA:239,0
DA:240,0
DA:241,0
DA:242,0
DA:243,0
DA:244,0
DA:245,0
DA:246,0
DA:247,0
DA:248,0
DA:249,0
DA:250,0
DA:251,0
DA:252,0
DA:253,0
DA:254,0
DA:255,0
DA:256,0
DA:257,0
DA:258,0
DA:259,0
DA:260,0
DA:261,0
DA:262,0
DA:263,0
DA:264,0
DA:265,0
DA:266,0
DA:267,0
DA:268,0
DA:269,0
DA:270,0
DA:271,0
DA:272,0
DA:273,0
DA:274,0
DA:275,0
DA:276,0
DA:277,0
DA:278,0
DA:279,0
DA:280,0
DA:281,0
DA:282,0
DA:283,0
DA:284,0
DA:285,0
DA:286,0
DA:287,0
DA:288,0
DA:289,0
DA:290,0
DA:291,0
DA:292,0
DA:293,0
DA:294,0
DA:295,0
DA:296,0
DA:297,0
DA:298,0
DA:299,0
DA:300,0
DA:301,0
DA:302,0
DA:303,0
DA:304,0
DA:305,0
DA:306,0
DA:307,0
DA:308,0
DA:309,0
DA:310,0
DA:311,0
DA:312,0
DA:313,0
DA:314,0
DA:315,0
DA:316,0
DA:317,0
DA:318,0
DA:319,0
DA:320,0
DA:321,0
DA:322,0
DA:323,0
DA:324,0
DA:325,0
DA:326,0
DA:327,0
DA:328,0
DA:329,0
DA:330,0
DA:331,0
DA:332,0
DA:333,0
DA:334,0
DA:335,0
DA:336,0
DA:337,0
LF:337
LH:0
BRDA:1,0,0,0
BRF:1
BRH:0
end_of_record
TN:
SF:extension\content\content-script.js
FN:1,(empty-report)
FNF:1
FNH:0
FNDA:0,(empty-report)
DA:1,0
DA:2,0
DA:3,0
DA:4,0
DA:5,0
DA:6,0
DA:7,0
DA:8,0
DA:9,0
DA:10,0
DA:11,0
DA:12,0
DA:13,0
DA:14,0
DA:15,0
DA:16,0
DA:17,0
DA:18,0
DA:19,0
DA:20,0
DA:21,0
DA:22,0
DA:23,0
DA:24,0
DA:25,0
DA:26,0
DA:27,0
DA:28,0
DA:29,0
DA:30,0
DA:31,0
DA:32,0
DA:33,0
DA:34,0
DA:35,0
DA:36,0
DA:37,0
DA:38,0
DA:39,0
DA:40,0
DA:41,0
DA:42,0
DA:43,0
DA:44,0
DA:45,0
DA:46,0
DA:47,0
DA:48,0
DA:49,0
DA:50,0
DA:51,0
DA:52,0
DA:53,0
DA:54,0
DA:55,0
DA:56,0
DA:57,0
DA:58,0
DA:59,0
DA:60,0
DA:61,0
DA:62,0
DA:63,0
DA:64,0
DA:65,0
DA:66,0
DA:67,0
DA:68,0
DA:69,0
DA:70,0
DA:71,0
DA:72,0
DA:73,0
DA:74,0
DA:75,0
DA:76,0
DA:77,0
DA:78,0
DA:79,0
DA:80,0
DA:81,0
DA:82,0
DA:83,0
DA:84,0
DA:85,0
DA:86,0
DA:87,0
DA:88,0
DA:89,0
DA:90,0
DA:91,0
DA:92,0
DA:93,0
DA:94,0
DA:95,0
DA:96,0
DA:97,0
DA:98,0
DA:99,0
DA:100,0
DA:101,0
DA:102,0
DA:103,0
DA:104,0
DA:105,0
DA:106,0
DA:107,0
DA:108,0
DA:109,0
DA:110,0
DA:111,0
DA:112,0
DA:113,0
DA:114,0
DA:115,0
DA:116,0
DA:117,0
DA:118,0
DA:119,0
DA:120,0
DA:121,0
DA:122,0
DA:123,0
DA:124,0
DA:125,0
DA:126,0
DA:127,0
DA:128,0
DA:129,0
DA:130,0
DA:131,0
DA:132,0
DA:133,0
DA:134,0
DA:135,0
DA:136,0
DA:137,0
DA:138,0
DA:139,0
DA:140,0
DA:141,0
DA:142,0
DA:143,0
DA:144,0
DA:145,0
DA:146,0
DA:147,0
DA:148,0
DA:149,0
DA:150,0
DA:151,0
DA:152,0
DA:153,0
DA:154,0
DA:155,0
DA:156,0
DA:157,0
DA:158,0
DA:159,0
DA:160,0
DA:161,0
DA:162,0
DA:163,0
DA:164,0
DA:165,0
DA:166,0
DA:167,0
DA:168,0
DA:169,0
DA:170,0
DA:171,0
DA:172,0
DA:173,0
DA:174,0
DA:175,0
DA:176,0
DA:177,0
DA:178,0
DA:179,0
DA:180,0
DA:181,0
DA:182,0
DA:183,0
DA:184,0
DA:185,0
DA:186,0
DA:187,0
DA:188,0
DA:189,0
DA:190,0
DA:191,0
DA:192,0
DA:193,0
DA:194,0
DA:195,0
DA:196,0
DA:197,0
DA:198,0
DA:199,0
DA:200,0
DA:201,0
DA:202,0
DA:203,0
DA:204,0
DA:205,0
DA:206,0
DA:207,0
DA:208,0
DA:209,0
DA:210,0
DA:211,0
DA:212,0
DA:213,0
DA:214,0
DA:215,0
DA:216,0
DA:217,0
DA:218,0
DA:219,0
DA:220,0
DA:221,0
DA:222,0
DA:223,0
DA:224,0
DA:225,0
DA:226,0
DA:227,0
DA:228,0
DA:229,0
DA:230,0
DA:231,0
DA:232,0
DA:233,0
DA:234,0
DA:235,0
DA:236,0
DA:237,0
DA:238,0
DA:239,0
DA:240,0
DA:241,0
DA:242,0
DA:243,0
DA:244,0
DA:245,0
DA:246,0
DA:247,0
DA:248,0
DA:249,0
DA:250,0
DA:251,0
DA:252,0
DA:253,0
DA:254,0
DA:255,0
DA:256,0
DA:257,0
DA:258,0
DA:259,0
DA:260,0
DA:261,0
DA:262,0
DA:263,0
DA:264,0
DA:265,0
DA:266,0
DA:267,0
DA:268,0
DA:269,0
DA:270,0
DA:271,0
DA:272,0
DA:273,0
DA:274,0
DA:275,0
DA:276,0
DA:277,0
DA:278,0
DA:279,0
DA:280,0
DA:281,0
DA:282,0
DA:283,0
DA:284,0
DA:285,0
DA:286,0
DA:287,0
DA:288,0
DA:289,0
DA:290,0
DA:291,0
LF:291
LH:0
BRDA:1,0,0,0
BRF:1
BRH:0
end_of_record
TN:
SF:extension\content\platform-detector.js
FN:1,(empty-report)
FNF:1
FNH:0
FNDA:0,(empty-report)
DA:1,0
DA:2,0
DA:3,0
DA:4,0
DA:5,0
DA:6,0
DA:7,0
DA:8,0
DA:9,0
DA:10,0
DA:11,0
DA:12,0
DA:13,0
DA:14,0
DA:15,0
DA:16,0
DA:17,0
DA:18,0
DA:19,0
DA:20,0
DA:21,0
DA:22,0
DA:23,0
DA:24,0
DA:25,0
DA:26,0
DA:27,0
DA:28,0
DA:29,0
DA:30,0
DA:31,0
DA:32,0
DA:33,0
DA:34,0
DA:35,0
DA:36,0
DA:37,0
DA:38,0
DA:39,0
DA:40,0
DA:41,0
DA:42,0
DA:43,0
DA:44,0
DA:45,0
DA:46,0
DA:47,0
DA:48,0
DA:49,0
DA:50,0
DA:51,0
DA:52,0
DA:53,0
DA:54,0
DA:55,0
DA:56,0
DA:57,0
DA:58,0
DA:59,0
DA:60,0
DA:61,0
DA:62,0
DA:63,0
DA:64,0
DA:65,0
DA:66,0
DA:67,0
DA:68,0
DA:69,0
DA:70,0
DA:71,0
DA:72,0
DA:73,0
DA:74,0
DA:75,0
DA:76,0
DA:77,0
DA:78,0
DA:79,0
DA:80,0
DA:81,0
DA:82,0
DA:83,0
DA:84,0
DA:85,0
DA:86,0
DA:87,0
DA:88,0
DA:89,0
DA:90,0
DA:91,0
DA:92,0
DA:93,0
DA:94,0
DA:95,0
DA:96,0
DA:97,0
DA:98,0
DA:99,0
DA:100,0
DA:101,0
DA:102,0
DA:103,0
DA:104,0
DA:105,0
DA:106,0
DA:107,0
DA:108,0
DA:109,0
DA:110,0
DA:111,0
DA:112,0
DA:113,0
DA:114,0
DA:115,0
DA:116,0
DA:117,0
DA:118,0
DA:119,0
DA:120,0
DA:121,0
DA:122,0
DA:123,0
DA:124,0
DA:125,0
DA:126,0
DA:127,0
DA:128,0
DA:129,0
DA:130,0
DA:131,0
DA:132,0
DA:133,0
DA:134,0
DA:135,0
DA:136,0
DA:137,0
DA:138,0
DA:139,0
DA:140,0
DA:141,0
DA:142,0
DA:143,0
DA:144,0
DA:145,0
DA:146,0
DA:147,0
DA:148,0
DA:149,0
DA:150,0
DA:151,0
DA:152,0
DA:153,0
DA:154,0
DA:155,0
DA:156,0
DA:157,0
DA:158,0
DA:159,0
DA:160,0
DA:161,0
DA:162,0
DA:163,0
DA:164,0
DA:165,0
DA:166,0
DA:167,0
DA:168,0
DA:169,0
DA:170,0
DA:171,0
DA:172,0
LF:172
LH:0
BRDA:1,0,0,0
BRF:1
BRH:0
end_of_record
TN:
SF:extension\content\sign-mapper.js
FN:2601,_sbStripComp
FN:2611,_sbStem
FN:2614,cons
FN:2620,m
FN:2630,hasVowel
FN:2636,endsDoubleC
FN:2639,cvc
FN:2727,_sbPOS
FN:2738,buildStemmedIndex
FN:2783,textToSigns
FN:2861,getSignInfo
FN:2868,getCategory
FN:2875,getCategories
FN:2881,_normalizeAndTokenize
FN:2896,_applyAslGrammar
FN:2915,_loadExtVocab
FN:2922,s.onload
FN:2923,s.onerror
FN:2932,_selectFallbackSign
FN:2968,_fingerspell
FNF:20
FNH:18
FNDA:2295,_sbStripComp
FNDA:2295,_sbStem
FNDA:37656,cons
FNDA:4066,m
FNDA:845,hasVowel
FNDA:2102,endsDoubleC
FNDA:457,cvc
FNDA:4,_sbPOS
FNDA:1,buildStemmedIndex
FNDA:26,textToSigns
FNDA:2,getSignInfo
FNDA:1,getCategory
FNDA:2,getCategories
FNDA:23,_normalizeAndTokenize
FNDA:23,_applyAslGrammar
FNDA:4,_loadExtVocab
FNDA:0,s.onload
FNDA:0,s.onerror
FNDA:4,_selectFallbackSign
FNDA:4,_fingerspell
DA:1,1
DA:2,1
DA:3,1
DA:4,1
DA:5,1
DA:6,1
DA:7,1
DA:8,1
DA:9,1
DA:10,1
DA:11,1
DA:12,1
DA:13,1
DA:14,1
DA:15,1
DA:16,1
DA:17,1
DA:18,1
DA:19,1
DA:20,1
DA:21,1
DA:22,1
DA:23,1
DA:24,1
DA:25,1
DA:26,1
DA:27,1
DA:28,1
DA:29,1
DA:30,1
DA:31,1
DA:32,1
DA:33,1
DA:34,1
DA:35,1
DA:36,1
DA:37,1
DA:38,1
DA:39,1
DA:40,1
DA:41,1
DA:42,1
DA:43,1
DA:44,1
DA:45,1
DA:46,1
DA:47,1
DA:48,1
DA:49,1
DA:50,1
DA:51,1
DA:52,1
DA:53,1
DA:54,1
DA:55,1
DA:56,1
DA:57,1
DA:58,1
DA:59,1
DA:60,1
DA:61,1
DA:62,1
DA:63,1
DA:64,1
DA:65,1
DA:66,1
DA:67,1
DA:68,1
DA:69,1
DA:70,1
DA:71,1
DA:72,1
DA:73,1
DA:74,1
DA:75,1
DA:76,1
DA:77,1
DA:78,1
DA:79,1
DA:80,1
DA:81,1
DA:82,1
DA:83,1
DA:84,1
DA:85,1
DA:86,1
DA:87,1
DA:88,1
DA:89,1
DA:90,1
DA:91,1
DA:92,1
DA:93,1
DA:94,1
DA:95,1
DA:96,1
DA:97,1
DA:98,1
DA:99,1
DA:100,1
DA:101,1
DA:102,1
DA:103,1
DA:104,1
DA:105,1
DA:106,1
DA:107,1
DA:108,1
DA:109,1
DA:110,1
DA:111,1
DA:112,1
DA:113,1
DA:114,1
DA:115,1
DA:116,1
DA:117,1
DA:118,1
DA:119,1
DA:120,1
DA:121,1
DA:122,1
DA:123,1
DA:124,1
DA:125,1
DA:126,1
DA:127,1
DA:128,1
DA:129,1
DA:130,1
DA:131,1
DA:132,1
DA:133,1
DA:134,1
DA:135,1
DA:136,1
DA:137,1
DA:138,1
DA:139,1
DA:140,1
DA:141,1
DA:142,1
DA:143,1
DA:144,1
DA:145,1
DA:146,1
DA:147,1
DA:148,1
DA:149,1
DA:150,1
DA:151,1
DA:152,1
DA:153,1
DA:154,1
DA:155,1
DA:156,1
DA:157,1
DA:158,1
DA:159,1
DA:160,1
DA:161,1
DA:162,1
DA:163,1
DA:164,1
DA:165,1
DA:166,1
DA:167,1
DA:168,1
DA:169,1
DA:170,1
DA:171,1
DA:172,1
DA:173,1
DA:174,1
DA:175,1
DA:176,1
DA:177,1
DA:178,1
DA:179,1
DA:180,1
DA:181,1
DA:182,1
DA:183,1
DA:184,1
DA:185,1
DA:186,1
DA:187,1
DA:188,1
DA:189,1
DA:190,1
DA:191,1
DA:192,1
DA:193,1
DA:194,1
DA:195,1
DA:196,1
DA:197,1
DA:198,1
DA:199,1
DA:200,1
DA:201,1
DA:202,1
DA:203,1
DA:204,1
DA:205,1
DA:206,1
DA:207,1
DA:208,1
DA:209,1
DA:210,1
DA:211,1
DA:212,1
DA:213,1
DA:214,1
DA:215,1
DA:216,1
DA:217,1
DA:218,1
DA:219,1
DA:220,1
DA:221,1
DA:222,1
DA:223,1
DA:224,1
DA:225,1
DA:226,1
DA:227,1
DA:228,1
DA:229,1
DA:230,1
DA:231,1
DA:232,1
DA:233,1
DA:234,1
DA:235,1
DA:236,1
DA:237,1
DA:238,1
DA:239,1
DA:240,1
DA:241,1
DA:242,1
DA:243,1
DA:244,1
DA:245,1
DA:246,1
DA:247,1
DA:248,1
DA:249,1
DA:250,1
DA:251,1
DA:252,1
DA:253,1
DA:254,1
DA:255,1
DA:256,1
DA:257,1
DA:258,1
DA:259,1
DA:260,1
DA:261,1
DA:262,1
DA:263,1
DA:264,1
DA:265,1
DA:266,1
DA:267,1
DA:268,1
DA:269,1
DA:270,1
DA:271,1
DA:272,1
DA:273,1
DA:274,1
DA:275,1
DA:276,1
DA:277,1
DA:278,1
DA:279,1
DA:280,1
DA:281,1
DA:282,1
DA:283,1
DA:284,1
DA:285,1
DA:286,1
DA:287,1
DA:288,1
DA:289,1
DA:290,1
DA:291,1
DA:292,1
DA:293,1
DA:294,1
DA:295,1
DA:296,1
DA:297,1
DA:298,1
DA:299,1
DA:300,1
DA:301,1
DA:302,1
DA:303,1
DA:304,1
DA:305,1
DA:306,1
DA:307,1
DA:308,1
DA:309,1
DA:310,1
DA:311,1
DA:312,1
DA:313,1
DA:314,1
DA:315,1
DA:316,1
DA:317,1
DA:318,1
DA:319,1
DA:320,1
DA:321,1
DA:322,1
DA:323,1
DA:324,1
DA:325,1
DA:326,1
DA:327,1
DA:328,1
DA:329,1
DA:330,1
DA:331,1
DA:332,1
DA:333,1
DA:334,1
DA:335,1
DA:336,1
DA:337,1
DA:338,1
DA:339,1
DA:340,1
DA:341,1
DA:342,1
DA:343,1
DA:344,1
DA:345,1
DA:346,1
DA:347,1
DA:348,1
DA:349,1
DA:350,1
DA:351,1
DA:352,1
DA:353,1
DA:354,1
DA:355,1
DA:356,1
DA:357,1
DA:358,1
DA:359,1
DA:360,1
DA:361,1
DA:362,1
DA:363,1
DA:364,1
DA:365,1
DA:366,1
DA:367,1
DA:368,1
DA:369,1
DA:370,1
DA:371,1
DA:372,1
DA:373,1
DA:374,1
DA:375,1
DA:376,1
DA:377,1
DA:378,1
DA:379,1
DA:380,1
DA:381,1
DA:382,1
DA:383,1
DA:384,1
DA:385,1
DA:386,1
DA:387,1
DA:388,1
DA:389,1
DA:390,1
DA:391,1
DA:392,1
DA:393,1
DA:394,1
DA:395,1
DA:396,1
DA:397,1
DA:398,1
DA:399,1
DA:400,1
DA:401,1
DA:402,1
DA:403,1
DA:404,1
DA:405,1
DA:406,1
DA:407,1
DA:408,1
DA:409,1
DA:410,1
DA:411,1
DA:412,1
DA:413,1
DA:414,1
DA:415,1
DA:416,1
DA:417,1
DA:418,1
DA:419,1
DA:420,1
DA:421,1
DA:422,1
DA:423,1
DA:424,1
DA:425,1
DA:426,1
DA:427,1
DA:428,1
DA:429,1
DA:430,1
DA:431,1
DA:432,1
DA:433,1
DA:434,1
DA:435,1
DA:436,1
DA:437,1
DA:438,1
DA:439,1
DA:440,1
DA:441,1
DA:442,1
DA:443,1
DA:444,1
DA:445,1
DA:446,1
DA:447,1
DA:448,1
DA:449,1
DA:450,1
DA:451,1
DA:452,1
DA:453,1
DA:454,1
DA:455,1
DA:456,1
DA:457,1
DA:458,1
DA:459,1
DA:460,1
DA:461,1
DA:462,1
DA:463,1
DA:464,1
DA:465,1
DA:466,1
DA:467,1
DA:468,1
DA:469,1
DA:470,1
DA:471,1
DA:472,1
DA:473,1
DA:474,1
DA:475,1
DA:476,1
DA:477,1
DA:478,1
DA:479,1
DA:480,1
DA:481,1
DA:482,1
DA:483,1
DA:484,1
DA:485,1
DA:486,1
DA:487,1
DA:488,1
DA:489,1
DA:490,1
DA:491,1
DA:492,1
DA:493,1
DA:494,1
DA:495,1
DA:496,1
DA:497,1
DA:498,1
DA:499,1
DA:500,1
DA:501,1
DA:502,1
DA:503,1
DA:504,1
DA:505,1
DA:506,1
DA:507,1
DA:508,1
DA:509,1
DA:510,1
DA:511,1
DA:512,1
DA:513,1
DA:514,1
DA:515,1
DA:516,1
DA:517,1
DA:518,1
DA:519,1
DA:520,1
DA:521,1
DA:522,1
DA:523,1
DA:524,1
DA:525,1
DA:526,1
DA:527,1
DA:528,1
DA:529,1
DA:530,1
DA:531,1
DA:532,1
DA:533,1
DA:534,1
DA:535,1
DA:536,1
DA:537,1
DA:538,1
DA:539,1
DA:540,1
DA:541,1
DA:542,1
DA:543,1
DA:544,1
DA:545,1
DA:546,1
DA:547,1
DA:548,1
DA:549,1
DA:550,1
DA:551,1
DA:552,1
DA:553,1
DA:554,1
DA:555,1
DA:556,1
DA:557,1
DA:558,1
DA:559,1
DA:560,1
DA:561,1
DA:562,1
DA:563,1
DA:564,1
DA:565,1
DA:566,1
DA:567,1
DA:568,1
DA:569,1
DA:570,1
DA:571,1
DA:572,1
DA:573,1
DA:574,1
DA:575,1
DA:576,1
DA:577,1
DA:578,1
DA:579,1
DA:580,1
DA:581,1
DA:582,1
DA:583,1
DA:584,1
DA:585,1
DA:586,1
DA:587,1
DA:588,1
DA:589,1
DA:590,1
DA:591,1
DA:592,1
DA:593,1
DA:594,1
DA:595,1
DA:596,1
DA:597,1
DA:598,1
DA:599,1
DA:600,1
DA:601,1
DA:602,1
DA:603,1
DA:604,1
DA:605,1
DA:606,1
DA:607,1
DA:608,1
DA:609,1
DA:610,1
DA:611,1
DA:612,1
DA:613,1
DA:614,1
DA:615,1
DA:616,1
DA:617,1
DA:618,1
DA:619,1
DA:620,1
DA:621,1
DA:622,1
DA:623,1
DA:624,1
DA:625,1
DA:626,1
DA:627,1
DA:628,1
DA:629,1
DA:630,1
DA:631,1
DA:632,1
DA:633,1
DA:634,1
DA:635,1
DA:636,1
DA:637,1
DA:638,1
DA:639,1
DA:640,1
DA:641,1
DA:642,1
DA:643,1
DA:644,1
DA:645,1
DA:646,1
DA:647,1
DA:648,1
DA:649,1
DA:650,1
DA:651,1
DA:652,1
DA:653,1
DA:654,1
DA:655,1
DA:656,1
DA:657,1
DA:658,1
DA:659,1
DA:660,1
DA:661,1
DA:662,1
DA:663,1
DA:664,1
DA:665,1
DA:666,1
DA:667,1
DA:668,1
DA:669,1
DA:670,1
DA:671,1
DA:672,1
DA:673,1
DA:674,1
DA:675,1
DA:676,1
DA:677,1
DA:678,1
DA:679,1
DA:680,1
DA:681,1
DA:682,1
DA:683,1
DA:684,1
DA:685,1
DA:686,1
DA:687,1
DA:688,1
DA:689,1
DA:690,1
DA:691,1
DA:692,1
DA:693,1
DA:694,1
DA:695,1
DA:696,1
DA:697,1
DA:698,1
DA:699,1
DA:700,1
DA:701,1
DA:702,1
DA:703,1
DA:704,1
DA:705,1
DA:706,1
DA:707,1
DA:708,1
DA:709,1
DA:710,1
DA:711,1
DA:712,1
DA:713,1
DA:714,1
DA:715,1
DA:716,1
DA:717,1
DA:718,1
DA:719,1
DA:720,1
DA:721,1
DA:722,1
DA:723,1
DA:724,1
DA:725,1
DA:726,1
DA:727,1
DA:728,1
DA:729,1
DA:730,1
DA:731,1
DA:732,1
DA:733,1
DA:734,1
DA:735,1
DA:736,1
DA:737,1
DA:738,1
DA:739,1
DA:740,1
DA:741,1
DA:742,1
DA:743,1
DA:744,1
DA:745,1
DA:746,1
DA:747,1
DA:748,1
DA:749,1
DA:750,1
DA:751,1
DA:752,1
DA:753,1
DA:754,1
DA:755,1
DA:756,1
DA:757,1
DA:758,1
DA:759,1
DA:760,1
DA:761,1
DA:762,1
DA:763,1
DA:764,1
DA:765,1
DA:766,1
DA:767,1
DA:768,1
DA:769,1
DA:770,1
DA:771,1
DA:772,1
DA:773,1
DA:774,1
DA:775,1
DA:776,1
DA:777,1
DA:778,1
DA:779,1
DA:780,1
DA:781,1
DA:782,1
DA:783,1
DA:784,1
DA:785,1
DA:786,1
DA:787,1
DA:788,1
DA:789,1
DA:790,1
DA:791,1
DA:792,1
DA:793,1
DA:794,1
DA:795,1
DA:796,1
DA:797,1
DA:798,1
DA:799,1
DA:800,1
DA:801,1
DA:802,1
DA:803,1
DA:804,1
DA:805,1
DA:806,1
DA:807,1
DA:808,1
DA:809,1
DA:810,1
DA:811,1
DA:812,1
DA:813,1
DA:814,1
DA:815,1
DA:816,1
DA:817,1
DA:818,1
DA:819,1
DA:820,1
DA:821,1
DA:822,1
DA:823,1
DA:824,1
DA:825,1
DA:826,1
DA:827,1
DA:828,1
DA:829,1
DA:830,1
DA:831,1
DA:832,1
DA:833,1
DA:834,1
DA:835,1
DA:836,1
DA:837,1
DA:838,1
DA:839,1
DA:840,1
DA:841,1
DA:842,1
DA:843,1
DA:844,1
DA:845,1
DA:846,1
DA:847,1
DA:848,1
DA:849,1
DA:850,1
DA:851,1
DA:852,1
DA:853,1
DA:854,1
DA:855,1
DA:856,1
DA:857,1
DA:858,1
DA:859,1
DA:860,1
DA:861,1
DA:862,1
DA:863,1
DA:864,1
DA:865,1
DA:866,1
DA:867,1
DA:868,1
DA:869,1
DA:870,1
DA:871,1
DA:872,1
DA:873,1
DA:874,1
DA:875,1
DA:876,1
DA:877,1
DA:878,1
DA:879,1
DA:880,1
DA:881,1
DA:882,1
DA:883,1
DA:884,1
DA:885,1
DA:886,1
DA:887,1
DA:888,1
DA:889,1
DA:890,1
DA:891,1
DA:892,1
DA:893,1
DA:894,1
DA:895,1
DA:896,1
DA:897,1
DA:898,1
DA:899,1
DA:900,1
DA:901,1
DA:902,1
DA:903,1
DA:904,1
DA:905,1
DA:906,1
DA:907,1
DA:908,1
DA:909,1
DA:910,1
DA:911,1
DA:912,1
DA:913,1
DA:914,1
DA:915,1
DA:916,1
DA:917,1
DA:918,1
DA:919,1
DA:920,1
DA:921,1
DA:922,1
DA:923,1
DA:924,1
DA:925,1
DA:926,1
DA:927,1
DA:928,1
DA:929,1
DA:930,1
DA:931,1
DA:932,1
DA:933,1
DA:934,1
DA:935,1
DA:936,1
DA:937,1
DA:938,1
DA:939,1
DA:940,1
DA:941,1
DA:942,1
DA:943,1
DA:944,1
DA:945,1
DA:946,1
DA:947,1
DA:948,1
DA:949,1
DA:950,1
DA:951,1
DA:952,1
DA:953,1
DA:954,1
DA:955,1
DA:956,1
DA:957,1
DA:958,1
DA:959,1
DA:960,1
DA:961,1
DA:962,1
DA:963,1
DA:964,1
DA:965,1
DA:966,1
DA:967,1
DA:968,1
DA:969,1
DA:970,1
DA:971,1
DA:972,1
DA:973,1
DA:974,1
DA:975,1
DA:976,1
DA:977,1
DA:978,1
DA:979,1
DA:980,1
DA:981,1
DA:982,1
DA:983,1
DA:984,1
DA:985,1
DA:986,1
DA:987,1
DA:988,1
DA:989,1
DA:990,1
DA:991,1
DA:992,1
DA:993,1
DA:994,1
DA:995,1
DA:996,1
DA:997,1
DA:998,1
DA:999,1
DA:1000,1
DA:1001,1
DA:1002,1
DA:1003,1
DA:1004,1
DA:1005,1
DA:1006,1
DA:1007,1
DA:1008,1
DA:1009,1
DA:1010,1
DA:1011,1
DA:1012,1
DA:1013,1
DA:1014,1
DA:1015,1
DA:1016,1
DA:1017,1
DA:1018,1
DA:1019,1
DA:1020,1
DA:1021,1
DA:1022,1
DA:1023,1
DA:1024,1
DA:1025,1
DA:1026,1
DA:1027,1
DA:1028,1
DA:1029,1
DA:1030,1
DA:1031,1
DA:1032,1
DA:1033,1
DA:1034,1
DA:1035,1
DA:1036,1
DA:1037,1
DA:1038,1
DA:1039,1
DA:1040,1
DA:1041,1
DA:1042,1
DA:1043,1
DA:1044,1
DA:1045,1
DA:1046,1
DA:1047,1
DA:1048,1
DA:1049,1
DA:1050,1
DA:1051,1
DA:1052,1
DA:1053,1
DA:1054,1
DA:1055,1
DA:1056,1
DA:1057,1
DA:1058,1
DA:1059,1
DA:1060,1
DA:1061,1
DA:1062,1
DA:1063,1
DA:1064,1
DA:1065,1
DA:1066,1
DA:1067,1
DA:1068,1
DA:1069,1
DA:1070,1
DA:1071,1
DA:1072,1
DA:1073,1
DA:1074,1
DA:1075,1
DA:1076,1
DA:1077,1
DA:1078,1
DA:1079,1
DA:1080,1
DA:1081,1
DA:1082,1
DA:1083,1
DA:1084,1
DA:1085,1
DA:1086,1
DA:1087,1
DA:1088,1
DA:1089,1
DA:1090,1
DA:1091,1
DA:1092,1
DA:1093,1
DA:1094,1
DA:1095,1
DA:1096,1
DA:1097,1
DA:1098,1
DA:1099,1
DA:1100,1
DA:1101,1
DA:1102,1
DA:1103,1
DA:1104,1
DA:1105,1
DA:1106,1
DA:1107,1
DA:1108,1
DA:1109,1
DA:1110,1
DA:1111,1
DA:1112,1
DA:1113,1
DA:1114,1
DA:1115,1
DA:1116,1
DA:1117,1
DA:1118,1
DA:1119,1
DA:1120,1
DA:1121,1
DA:1122,1
DA:1123,1
DA:1124,1
DA:1125,1
DA:1126,1
DA:1127,1
DA:1128,1
DA:1129,1
DA:1130,1
DA:1131,1
DA:1132,1
DA:1133,1
DA:1134,1
DA:1135,1
DA:1136,1
DA:1137,1
DA:1138,1
DA:1139,1
DA:1140,1
DA:1141,1
DA:1142,1
DA:1143,1
DA:1144,1
DA:1145,1
DA:1146,1
DA:1147,1
DA:1148,1
DA:1149,1
DA:1150,1
DA:1151,1
DA:1152,1
DA:1153,1
DA:1154,1
DA:1155,1
DA:1156,1
DA:1157,1
DA:1158,1
DA:1159,1
DA:1160,1
DA:1161,1
DA:1162,1
DA:1163,1
DA:1164,1
DA:1165,1
DA:1166,1
DA:1167,1
DA:1168,1
DA:1169,1
DA:1170,1
DA:1171,1
DA:1172,1
DA:1173,1
DA:1174,1
DA:1175,1
DA:1176,1
DA:1177,1
DA:1178,1
DA:1179,1
DA:1180,1
DA:1181,1
DA:1182,1
DA:1183,1
DA:1184,1
DA:1185,1
DA:1186,1
DA:1187,1
DA:1188,1
DA:1189,1
DA:1190,1
DA:1191,1
DA:1192,1
DA:1193,1
DA:1194,1
DA:1195,1
DA:1196,1
DA:1197,1
DA:1198,1
DA:1199,1
DA:1200,1
DA:1201,1
DA:1202,1
DA:1203,1
DA:1204,1
DA:1205,1
DA:1206,1
DA:1207,1
DA:1208,1
DA:1209,1
DA:1210,1
DA:1211,1
DA:1212,1
DA:1213,1
DA:1214,1
DA:1215,1
DA:1216,1
DA:1217,1
DA:1218,1
DA:1219,1
DA:1220,1
DA:1221,1
DA:1222,1
DA:1223,1
DA:1224,1
DA:1225,1
DA:1226,1
DA:1227,1
DA:1228,1
DA:1229,1
DA:1230,1
DA:1231,1
DA:1232,1
DA:1233,1
DA:1234,1
DA:1235,1
DA:1236,1
DA:1237,1
DA:1238,1
DA:1239,1
DA:1240,1
DA:1241,1
DA:1242,1
DA:1243,1
DA:1244,1
DA:1245,1
DA:1246,1
DA:1247,1
DA:1248,1
DA:1249,1
DA:1250,1
DA:1251,1
DA:1252,1
DA:1253,1
DA:1254,1
DA:1255,1
DA:1256,1
DA:1257,1
DA:1258,1
DA:1259,1
DA:1260,1
DA:1261,1
DA:1262,1
DA:1263,1
DA:1264,1
DA:1265,1
DA:1266,1
DA:1267,1
DA:1268,1
DA:1269,1
DA:1270,1
DA:1271,1
DA:1272,1
DA:1273,1
DA:1274,1
DA:1275,1
DA:1276,1
DA:1277,1
DA:1278,1
DA:1279,1
DA:1280,1
DA:1281,1
DA:1282,1
DA:1283,1
DA:1284,1
DA:1285,1
DA:1286,1
DA:1287,1
DA:1288,1
DA:1289,1
DA:1290,1
DA:1291,1
DA:1292,1
DA:1293,1
DA:1294,1
DA:1295,1
DA:1296,1
DA:1297,1
DA:1298,1
DA:1299,1
DA:1300,1
DA:1301,1
DA:1302,1
DA:1303,1
DA:1304,1
DA:1305,1
DA:1306,1
DA:1307,1
DA:1308,1
DA:1309,1
DA:1310,1
DA:1311,1
DA:1312,1
DA:1313,1
DA:1314,1
DA:1315,1
DA:1316,1
DA:1317,1
DA:1318,1
DA:1319,1
DA:1320,1
DA:1321,1
DA:1322,1
DA:1323,1
DA:1324,1
DA:1325,1
DA:1326,1
DA:1327,1
DA:1328,1
DA:1329,1
DA:1330,1
DA:1331,1
DA:1332,1
DA:1333,1
DA:1334,1
DA:1335,1
DA:1336,1
DA:1337,1
DA:1338,1
DA:1339,1
DA:1340,1
DA:1341,1
DA:1342,1
DA:1343,1
DA:1344,1
DA:1345,1
DA:1346,1
DA:1347,1
DA:1348,1
DA:1349,1
DA:1350,1
DA:1351,1
DA:1352,1
DA:1353,1
DA:1354,1
DA:1355,1
DA:1356,1
DA:1357,1
DA:1358,1
DA:1359,1
DA:1360,1
DA:1361,1
DA:1362,1
DA:1363,1
DA:1364,1
DA:1365,1
DA:1366,1
DA:1367,1
DA:1368,1
DA:1369,1
DA:1370,1
DA:1371,1
DA:1372,1
DA:1373,1
DA:1374,1
DA:1375,1
DA:1376,1
DA:1377,1
DA:1378,1
DA:1379,1
DA:1380,1
DA:1381,1
DA:1382,1
DA:1383,1
DA:1384,1
DA:1385,1
DA:1386,1
DA:1387,1
DA:1388,1
DA:1389,1
DA:1390,1
DA:1391,1
DA:1392,1
DA:1393,1
DA:1394,1
DA:1395,1
DA:1396,1
DA:1397,1
DA:1398,1
DA:1399,1
DA:1400,1
DA:1401,1
DA:1402,1
DA:1403,1
DA:1404,1
DA:1405,1
DA:1406,1
DA:1407,1
DA:1408,1
DA:1409,1
DA:1410,1
DA:1411,1
DA:1412,1
DA:1413,1
DA:1414,1
DA:1415,1
DA:1416,1
DA:1417,1
DA:1418,1
DA:1419,1
DA:1420,1
DA:1421,1
DA:1422,1
DA:1423,1
DA:1424,1
DA:1425,1
DA:1426,1
DA:1427,1
DA:1428,1
DA:1429,1
DA:1430,1
DA:1431,1
DA:1432,1
DA:1433,1
DA:1434,1
DA:1435,1
DA:1436,1
DA:1437,1
DA:1438,1
DA:1439,1
DA:1440,1
DA:1441,1
DA:1442,1
DA:1443,1
DA:1444,1
DA:1445,1
DA:1446,1
DA:1447,1
DA:1448,1
DA:1449,1
DA:1450,1
DA:1451,1
DA:1452,1
DA:1453,1
DA:1454,1
DA:1455,1
DA:1456,1
DA:1457,1
DA:1458,1
DA:1459,1
DA:1460,1
DA:1461,1
DA:1462,1
DA:1463,1
DA:1464,1
DA:1465,1
DA:1466,1
DA:1467,1
DA:1468,1
DA:1469,1
DA:1470,1
DA:1471,1
DA:1472,1
DA:1473,1
DA:1474,1
DA:1475,1
DA:1476,1
DA:1477,1
DA:1478,1
DA:1479,1
DA:1480,1
DA:1481,1
DA:1482,1
DA:1483,1
DA:1484,1
DA:1485,1
DA:1486,1
DA:1487,1
DA:1488,1
DA:1489,1
DA:1490,1
DA:1491,1
DA:1492,1
DA:1493,1
DA:1494,1
DA:1495,1
DA:1496,1
DA:1497,1
DA:1498,1
DA:1499,1
DA:1500,1
DA:1501,1
DA:1502,1
DA:1503,1
DA:1504,1
DA:1505,1
DA:1506,1
DA:1507,1
DA:1508,1
DA:1509,1
DA:1510,1
DA:1511,1
DA:1512,1
DA:1513,1
DA:1514,1
DA:1515,1
DA:1516,1
DA:1517,1
DA:1518,1
DA:1519,1
DA:1520,1
DA:1521,1
DA:1522,1
DA:1523,1
DA:1524,1
DA:1525,1
DA:1526,1
DA:1527,1
DA:1528,1
DA:1529,1
DA:1530,1
DA:1531,1
DA:1532,1
DA:1533,1
DA:1534,1
DA:1535,1
DA:1536,1
DA:1537,1
DA:1538,1
DA:1539,1
DA:1540,1
DA:1541,1
DA:1542,1
DA:1543,1
DA:1544,1
DA:1545,1
DA:1546,1
DA:1547,1
DA:1548,1
DA:1549,1
DA:1550,1
DA:1551,1
DA:1552,1
DA:1553,1
DA:1554,1
DA:1555,1
DA:1556,1
DA:1557,1
DA:1558,1
DA:1559,1
DA:1560,1
DA:1561,1
DA:1562,1
DA:1563,1
DA:1564,1
DA:1565,1
DA:1566,1
DA:1567,1
DA:1568,1
DA:1569,1
DA:1570,1
DA:1571,1
DA:1572,1
DA:1573,1
DA:1574,1
DA:1575,1
DA:1576,1
DA:1577,1
DA:1578,1
DA:1579,1
DA:1580,1
DA:1581,1
DA:1582,1
DA:1583,1
DA:1584,1
DA:1585,1
DA:1586,1
DA:1587,1
DA:1588,1
DA:1589,1
DA:1590,1
DA:1591,1
DA:1592,1
DA:1593,1
DA:1594,1
DA:1595,1
DA:1596,1
DA:1597,1
DA:1598,1
DA:1599,1
DA:1600,1
DA:1601,1
DA:1602,1
DA:1603,1
DA:1604,1
DA:1605,1
DA:1606,1
DA:1607,1
DA:1608,1
DA:1609,1
DA:1610,1
DA:1611,1
DA:1612,1
DA:1613,1
DA:1614,1
DA:1615,1
DA:1616,1
DA:1617,1
DA:1618,1
DA:1619,1
DA:1620,1
DA:1621,1
DA:1622,1
DA:1623,1
DA:1624,1
DA:1625,1
DA:1626,1
DA:1627,1
DA:1628,1
DA:1629,1
DA:1630,1
DA:1631,1
DA:1632,1
DA:1633,1
DA:1634,1
DA:1635,1
DA:1636,1
DA:1637,1
DA:1638,1
DA:1639,1
DA:1640,1
DA:1641,1
DA:1642,1
DA:1643,1
DA:1644,1
DA:1645,1
DA:1646,1
DA:1647,1
DA:1648,1
DA:1649,1
DA:1650,1
DA:1651,1
DA:1652,1
DA:1653,1
DA:1654,1
DA:1655,1
DA:1656,1
DA:1657,1
DA:1658,1
DA:1659,1
DA:1660,1
DA:1661,1
DA:1662,1
DA:1663,1
DA:1664,1
DA:1665,1
DA:1666,1
DA:1667,1
DA:1668,1
DA:1669,1
DA:1670,1
DA:1671,1
DA:1672,1
DA:1673,1
DA:1674,1
DA:1675,1
DA:1676,1
DA:1677,1
DA:1678,1
DA:1679,1
DA:1680,1
DA:1681,1
DA:1682,1
DA:1683,1
DA:1684,1
DA:1685,1
DA:1686,1
DA:1687,1
DA:1688,1
DA:1689,1
DA:1690,1
DA:1691,1
DA:1692,1
DA:1693,1
DA:1694,1
DA:1695,1
DA:1696,1
DA:1697,1
DA:1698,1
DA:1699,1
DA:1700,1
DA:1701,1
DA:1702,1
DA:1703,1
DA:1704,1
DA:1705,1
DA:1706,1
DA:1707,1
DA:1708,1
DA:1709,1
DA:1710,1
DA:1711,1
DA:1712,1
DA:1713,1
DA:1714,1
DA:1715,1
DA:1716,1
DA:1717,1
DA:1718,1
DA:1719,1
DA:1720,1
DA:1721,1
DA:1722,1
DA:1723,1
DA:1724,1
DA:1725,1
DA:1726,1
DA:1727,1
DA:1728,1
DA:1729,1
DA:1730,1
DA:1731,1
DA:1732,1
DA:1733,1
DA:1734,1
DA:1735,1
DA:1736,1
DA:1737,1
DA:1738,1
DA:1739,1
DA:1740,1
DA:1741,1
DA:1742,1
DA:1743,1
DA:1744,1
DA:1745,1
DA:1746,1
DA:1747,1
DA:1748,1
DA:1749,1
DA:1750,1
DA:1751,1
DA:1752,1
DA:1753,1
DA:1754,1
DA:1755,1
DA:1756,1
DA:1757,1
DA:1758,1
DA:1759,1
DA:1760,1
DA:1761,1
DA:1762,1
DA:1763,1
DA:1764,1
DA:1765,1
DA:1766,1
DA:1767,1
DA:1768,1
DA:1769,1
DA:1770,1
DA:1771,1
DA:1772,1
DA:1773,1
DA:1774,1
DA:1775,1
DA:1776,1
DA:1777,1
DA:1778,1
DA:1779,1
DA:1780,1
DA:1781,1
DA:1782,1
DA:1783,1
DA:1784,1
DA:1785,1
DA:1786,1
DA:1787,1
DA:1788,1
DA:1789,1
DA:1790,1
DA:1791,1
DA:1792,1
DA:1793,1
DA:1794,1
DA:1795,1
DA:1796,1
DA:1797,1
DA:1798,1
DA:1799,1
DA:1800,1
DA:1801,1
DA:1802,1
DA:1803,1
DA:1804,1
DA:1805,1
DA:1806,1
DA:1807,1
DA:1808,1
DA:1809,1
DA:1810,1
DA:1811,1
DA:1812,1
DA:1813,1
DA:1814,1
DA:1815,1
DA:1816,1
DA:1817,1
DA:1818,1
DA:1819,1
DA:1820,1
DA:1821,1
DA:1822,1
DA:1823,1
DA:1824,1
DA:1825,1
DA:1826,1
DA:1827,1
DA:1828,1
DA:1829,1
DA:1830,1
DA:1831,1
DA:1832,1
DA:1833,1
DA:1834,1
DA:1835,1
DA:1836,1
DA:1837,1
DA:1838,1
DA:1839,1
DA:1840,1
DA:1841,1
DA:1842,1
DA:1843,1
DA:1844,1
DA:1845,1
DA:1846,1
DA:1847,1
DA:1848,1
DA:1849,1
DA:1850,1
DA:1851,1
DA:1852,1
DA:1853,1
DA:1854,1
DA:1855,1
DA:1856,1
DA:1857,1
DA:1858,1
DA:1859,1
DA:1860,1
DA:1861,1
DA:1862,1
DA:1863,1
DA:1864,1
DA:1865,1
DA:1866,1
DA:1867,1
DA:1868,1
DA:1869,1
DA:1870,1
DA:1871,1
DA:1872,1
DA:1873,1
DA:1874,1
DA:1875,1
DA:1876,1
DA:1877,1
DA:1878,1
DA:1879,1
DA:1880,1
DA:1881,1
DA:1882,1
DA:1883,1
DA:1884,1
DA:1885,1
DA:1886,1
DA:1887,1
DA:1888,1
DA:1889,1
DA:1890,1
DA:1891,1
DA:1892,1
DA:1893,1
DA:1894,1
DA:1895,1
DA:1896,1
DA:1897,1
DA:1898,1
DA:1899,1
DA:1900,1
DA:1901,1
DA:1902,1
DA:1903,1
DA:1904,1
DA:1905,1
DA:1906,1
DA:1907,1
DA:1908,1
DA:1909,1
DA:1910,1
DA:1911,1
DA:1912,1
DA:1913,1
DA:1914,1
DA:1915,1
DA:1916,1
DA:1917,1
DA:1918,1
DA:1919,1
DA:1920,1
DA:1921,1
DA:1922,1
DA:1923,1
DA:1924,1
DA:1925,1
DA:1926,1
DA:1927,1
DA:1928,1
DA:1929,1
DA:1930,1
DA:1931,1
DA:1932,1
DA:1933,1
DA:1934,1
DA:1935,1
DA:1936,1
DA:1937,1
DA:1938,1
DA:1939,1
DA:1940,1
DA:1941,1
DA:1942,1
DA:1943,1
DA:1944,1
DA:1945,1
DA:1946,1
DA:1947,1
DA:1948,1
DA:1949,1
DA:1950,1
DA:1951,1
DA:1952,1
DA:1953,1
DA:1954,1
DA:1955,1
DA:1956,1
DA:1957,1
DA:1958,1
DA:1959,1
DA:1960,1
DA:1961,1
DA:1962,1
DA:1963,1
DA:1964,1
DA:1965,1
DA:1966,1
DA:1967,1
DA:1968,1
DA:1969,1
DA:1970,1
DA:1971,1
DA:1972,1
DA:1973,1
DA:1974,1
DA:1975,1
DA:1976,1
DA:1977,1
DA:1978,1
DA:1979,1
DA:1980,1
DA:1981,1
DA:1982,1
DA:1983,1
DA:1984,1
DA:1985,1
DA:1986,1
DA:1987,1
DA:1988,1
DA:1989,1
DA:1990,1
DA:1991,1
DA:1992,1
DA:1993,1
DA:1994,1
DA:1995,1
DA:1996,1
DA:1997,1
DA:1998,1
DA:1999,1
DA:2000,1
DA:2001,1
DA:2002,1
DA:2003,1
DA:2004,1
DA:2005,1
DA:2006,1
DA:2007,1
DA:2008,1
DA:2009,1
DA:2010,1
DA:2011,1
DA:2012,1
DA:2013,1
DA:2014,1
DA:2015,1
DA:2016,1
DA:2017,1
DA:2018,1
DA:2019,1
DA:2020,1
DA:2021,1
DA:2022,1
DA:2023,1
DA:2024,1
DA:2025,1
DA:2026,1
DA:2027,1
DA:2028,1
DA:2029,1
DA:2030,1
DA:2031,1
DA:2032,1
DA:2033,1
DA:2034,1
DA:2035,1
DA:2036,1
DA:2037,1
DA:2038,1
DA:2039,1
DA:2040,1
DA:2041,1
DA:2042,1
DA:2043,1
DA:2044,1
DA:2045,1
DA:2046,1
DA:2047,1
DA:2048,1
DA:2049,1
DA:2050,1
DA:2051,1
DA:2052,1
DA:2053,1
DA:2054,1
DA:2055,1
DA:2056,1
DA:2057,1
DA:2058,1
DA:2059,1
DA:2060,1
DA:2061,1
DA:2062,1
DA:2063,1
DA:2064,1
DA:2065,1
DA:2066,1
DA:2067,1
DA:2068,1
DA:2069,1
DA:2070,1
DA:2071,1
DA:2072,1
DA:2073,1
DA:2074,1
DA:2075,1
DA:2076,1
DA:2077,1
DA:2078,1
DA:2079,1
DA:2080,1
DA:2081,1
DA:2082,1
DA:2083,1
DA:2084,1
DA:2085,1
DA:2086,1
DA:2087,1
DA:2088,1
DA:2089,1
DA:2090,1
DA:2091,1
DA:2092,1
DA:2093,1
DA:2094,1
DA:2095,1
DA:2096,1
DA:2097,1
DA:2098,1
DA:2099,1
DA:2100,1
DA:2101,1
DA:2102,1
DA:2103,1
DA:2104,1
DA:2105,1
DA:2106,1
DA:2107,1
DA:2108,1
DA:2109,1
DA:2110,1
DA:2111,1
DA:2112,1
DA:2113,1
DA:2114,1
DA:2115,1
DA:2116,1
DA:2117,1
DA:2118,1
DA:2119,1
DA:2120,1
DA:2121,1
DA:2122,1
DA:2123,1
DA:2124,1
DA:2125,1
DA:2126,1
DA:2127,1
DA:2128,1
DA:2129,1
DA:2130,1
DA:2131,1
DA:2132,1
DA:2133,1
DA:2134,1
DA:2135,1
DA:2136,1
DA:2137,1
DA:2138,1
DA:2139,1
DA:2140,1
DA:2141,1
DA:2142,1
DA:2143,1
DA:2144,1
DA:2145,1
DA:2146,1
DA:2147,1
DA:2148,1
DA:2149,1
DA:2150,1
DA:2151,1
DA:2152,1
DA:2153,1
DA:2154,1
DA:2155,1
DA:2156,1
DA:2157,1
DA:2158,1
DA:2159,1
DA:2160,1
DA:2161,1
DA:2162,1
DA:2163,1
DA:2164,1
DA:2165,1
DA:2166,1
DA:2167,1
DA:2168,1
DA:2169,1
DA:2170,1
DA:2171,1
DA:2172,1
DA:2173,1
DA:2174,1
DA:2175,1
DA:2176,1
DA:2177,1
DA:2178,1
DA:2179,1
DA:2180,1
DA:2181,1
DA:2182,1
DA:2183,1
DA:2184,1
DA:2185,1
DA:2186,1
DA:2187,1
DA:2188,1
DA:2189,1
DA:2190,1
DA:2191,1
DA:2192,1
DA:2193,1
DA:2194,1
DA:2195,1
DA:2196,1
DA:2197,1
DA:2198,1
DA:2199,1
DA:2200,1
DA:2201,1
DA:2202,1
DA:2203,1
DA:2204,1
DA:2205,1
DA:2206,1
DA:2207,1
DA:2208,1
DA:2209,1
DA:2210,1
DA:2211,1
DA:2212,1
DA:2213,1
DA:2214,1
DA:2215,1
DA:2216,1
DA:2217,1
DA:2218,1
DA:2219,1
DA:2220,1
DA:2221,1
DA:2222,1
DA:2223,1
DA:2224,1
DA:2225,1
DA:2226,1
DA:2227,1
DA:2228,1
DA:2229,1
DA:2230,1
DA:2231,1
DA:2232,1
DA:2233,1
DA:2234,1
DA:2235,1
DA:2236,1
DA:2237,1
DA:2238,1
DA:2239,1
DA:2240,1
DA:2241,1
DA:2242,1
DA:2243,1
DA:2244,1
DA:2245,1
DA:2246,1
DA:2247,1
DA:2248,1
DA:2249,1
DA:2250,1
DA:2251,1
DA:2252,1
DA:2253,1
DA:2254,1
DA:2255,1
DA:2256,1
DA:2257,1
DA:2258,1
DA:2259,1
DA:2260,1
DA:2261,1
DA:2262,1
DA:2263,1
DA:2264,1
DA:2265,1
DA:2266,1
DA:2267,1
DA:2268,1
DA:2269,1
DA:2270,1
DA:2271,1
DA:2272,1
DA:2273,1
DA:2274,1
DA:2275,1
DA:2276,1
DA:2277,1
DA:2278,1
DA:2279,1
DA:2280,1
DA:2281,1
DA:2282,1
DA:2283,1
DA:2284,1
DA:2285,1
DA:2286,1
DA:2287,1
DA:2288,1
DA:2289,1
DA:2290,1
DA:2291,1
DA:2292,1
DA:2293,1
DA:2294,1
DA:2295,1
DA:2296,1
DA:2297,1
DA:2298,1
DA:2299,1
DA:2300,1
DA:2301,1
DA:2302,1
DA:2303,1
DA:2304,1
DA:2305,1
DA:2306,1
DA:2307,1
DA:2308,1
DA:2309,1
DA:2310,1
DA:2311,1
DA:2312,1
DA:2313,1
DA:2314,1
DA:2315,1
DA:2316,1
DA:2317,1
DA:2318,1
DA:2319,1
DA:2320,1
DA:2321,1
DA:2322,1
DA:2323,1
DA:2324,1
DA:2325,1
DA:2326,1
DA:2327,1
DA:2328,1
DA:2329,1
DA:2330,1
DA:2331,1
DA:2332,1
DA:2333,1
DA:2334,1
DA:2335,1
DA:2336,1
DA:2337,1
DA:2338,1
DA:2339,1
DA:2340,1
DA:2341,1
DA:2342,1
DA:2343,1
DA:2344,1
DA:2345,1
DA:2346,1
DA:2347,1
DA:2348,1
DA:2349,1
DA:2350,1
DA:2351,1
DA:2352,1
DA:2353,1
DA:2354,1
DA:2355,1
DA:2356,1
DA:2357,1
DA:2358,1
DA:2359,1
DA:2360,1
DA:2361,1
DA:2362,1
DA:2363,1
DA:2364,1
DA:2365,1
DA:2366,1
DA:2367,1
DA:2368,1
DA:2369,1
DA:2370,1
DA:2371,1
DA:2372,1
DA:2373,1
DA:2374,1
DA:2375,1
DA:2376,1
DA:2377,1
DA:2378,1
DA:2379,1
DA:2380,1
DA:2381,1
DA:2382,1
DA:2383,1
DA:2384,1
DA:2385,1
DA:2386,1
DA:2387,1
DA:2388,1
DA:2389,1
DA:2390,1
DA:2391,1
DA:2392,1
DA:2393,1
DA:2394,1
DA:2395,1
DA:2396,1
DA:2397,1
DA:2398,1
DA:2399,1
DA:2400,1
DA:2401,1
DA:2402,1
DA:2403,1
DA:2404,1
DA:2405,1
DA:2406,1
DA:2407,1
DA:2408,1
DA:2409,1
DA:2410,1
DA:2411,1
DA:2412,1
DA:2413,1
DA:2414,1
DA:2415,1
DA:2416,1
DA:2417,1
DA:2418,1
DA:2419,1
DA:2420,1
DA:2421,1
DA:2422,1
DA:2423,1
DA:2424,1
DA:2425,1
DA:2426,1
DA:2427,1
DA:2428,1
DA:2429,1
DA:2430,1
DA:2431,1
DA:2432,1
DA:2433,1
DA:2434,1
DA:2435,1
DA:2436,1
DA:2437,1
DA:2438,1
DA:2439,1
DA:2440,1
DA:2441,1
DA:2442,1
DA:2443,1
DA:2444,1
DA:2445,1
DA:2446,1
DA:2447,1
DA:2448,1
DA:2449,1
DA:2450,1
DA:2451,1
DA:2452,1
DA:2453,1
DA:2454,1
DA:2455,1
DA:2456,1
DA:2457,1
DA:2458,1
DA:2459,1
DA:2460,1
DA:2461,1
DA:2462,1
DA:2463,1
DA:2464,1
DA:2465,1
DA:2466,1
DA:2467,1
DA:2468,1
DA:2469,1
DA:2470,1
DA:2471,1
DA:2472,1
DA:2473,1
DA:2474,1
DA:2475,1
DA:2476,1
DA:2477,1
DA:2478,1
DA:2479,1
DA:2480,1
DA:2481,1
DA:2482,1
DA:2483,1
DA:2484,1
DA:2485,1
DA:2486,1
DA:2487,1
DA:2488,1
DA:2489,1
DA:2490,1
DA:2491,1
DA:2492,1
DA:2493,1
DA:2494,1
DA:2495,1
DA:2496,1
DA:2497,1
DA:2498,1
DA:2499,1
DA:2500,1
DA:2501,1
DA:2502,1
DA:2503,1
DA:2504,1
DA:2505,1
DA:2506,1
DA:2507,1
DA:2508,1
DA:2509,1
DA:2510,1
DA:2511,1
DA:2512,1
DA:2513,1
DA:2514,1
DA:2515,1
DA:2516,1
DA:2517,1
DA:2518,1
DA:2519,1
DA:2520,1
DA:2521,1
DA:2522,1
DA:2523,1
DA:2524,1
DA:2525,1
DA:2526,1
DA:2527,1
DA:2528,1
DA:2529,1
DA:2530,1
DA:2531,1
DA:2532,1
DA:2533,1
DA:2534,1
DA:2535,1
DA:2536,1
DA:2537,1
DA:2538,1
DA:2539,1
DA:2540,1
DA:2541,1
DA:2542,1
DA:2543,1
DA:2544,1
DA:2545,1
DA:2546,1
DA:2547,1
DA:2548,1
DA:2549,1
DA:2550,1
DA:2551,1
DA:2552,1
DA:2553,1
DA:2554,1
DA:2555,1
DA:2556,1
DA:2557,1
DA:2558,1
DA:2559,1
DA:2560,1
DA:2561,1
DA:2562,1
DA:2563,1
DA:2564,1
DA:2565,1
DA:2566,1
DA:2567,1
DA:2568,1
DA:2569,1
DA:2570,1
DA:2571,1
DA:2572,1
DA:2573,1
DA:2574,1
DA:2575,1
DA:2576,1
DA:2577,1
DA:2578,1
DA:2579,1
DA:2580,1
DA:2581,1
DA:2582,1
DA:2583,1
DA:2584,1
DA:2585,1
DA:2586,1
DA:2587,1
DA:2588,1
DA:2589,1
DA:2590,1
DA:2591,1
DA:2592,1
DA:2593,1
DA:2594,1
DA:2595,1
DA:2596,1
DA:2597,1
DA:2598,1
DA:2599,1
DA:2600,1
DA:2601,1
DA:2602,2295
DA:2603,2295
DA:2604,2214
DA:2605,2295
DA:2606,1
DA:2607,1
DA:2608,1
DA:2609,1
DA:2610,1
DA:2611,1
DA:2612,2295
DA:2613,2273
DA:2614,2273
DA:2615,37656
DA:2616,37656
DA:2617,37656
DA:2618,21600
DA:2619,37656
DA:2620,2273
DA:2621,4066
DA:2622,4066
DA:2623,4066
DA:2624,6901
DA:2625,6901
DA:2626,6901
DA:2627,6901
DA:2628,4066
DA:2629,4066
DA:2630,2273
DA:2631,845
DA:2632,845
DA:2633,845
DA:2634,845
DA:2635,845
DA:2636,2273
DA:2637,2102
DA:2638,2102
DA:2639,2273
DA:2640,457
DA:2641,457
DA:2642,457
DA:2643,2273
DA:2644,2295
DA:2645,2271
DA:2646,2256
DA:2647,2239
DA:2648,2273
DA:2649,2273
DA:2650,2295
DA:2651,4
DA:2652,4
DA:2653,2295
DA:2654,274
DA:2655,274
DA:2656,2269
DA:2657,381
DA:2658,381
DA:2659,381
DA:2660,2295
DA:2661,650
DA:2662,596
DA:2663,557
DA:2664,650
DA:2665,2273
DA:2666,2295
DA:2667,2273
DA:2668,2273
DA:2669,2273
DA:2670,2273
DA:2671,2273
DA:2672,2273
DA:2673,2273
DA:2674,2273
DA:2675,2295
DA:2676,44963
DA:2677,52
DA:2678,52
DA:2679,52
DA:2680,52
DA:2681,44963
DA:2682,2273
DA:2683,2273
DA:2684,2273
DA:2685,2273
DA:2686,2273
DA:2687,2295
DA:2688,15782
DA:2689,42
DA:2690,42
DA:2691,42
DA:2692,42
DA:2693,15782
DA:2694,2273
DA:2695,2273
DA:2696,2273
DA:2697,2273
DA:2698,2273
DA:2699,2295
DA:2700,41118
DA:2701,465
DA:2702,465
DA:2703,465
DA:2704,39
DA:2705,20
DA:2706,465
DA:2707,209
DA:2708,465
DA:2709,41118
DA:2710,2273
DA:2711,2295
DA:2712,444
DA:2713,444
DA:2714,444
DA:2715,229
DA:2716,148
DA:2717,444
DA:2718,2273
DA:2719,2295
DA:2720,2273
DA:2721,2295
DA:2722,1
DA:2723,1
DA:2724,1
DA:2725,1
DA:2726,1
DA:2727,1
DA:2728,4
DA:2729,4
DA:2730,4
DA:2731,4
DA:2732,4
DA:2733,4
DA:2734,4
DA:2735,1
DA:2736,1
DA:2737,1
DA:2738,1
DA:2739,1
DA:2740,2291
DA:2741,2291
DA:2742,2291
DA:2743,1
DA:2744,1
DA:2745,1
DA:2746,1
DA:2747,1
DA:2748,1
DA:2749,1
DA:2750,1
DA:2751,1
DA:2752,1
DA:2753,1
DA:2754,1
DA:2755,1
DA:2756,1
DA:2757,1
DA:2758,1
DA:2759,1
DA:2760,1
DA:2761,1
DA:2762,1
DA:2763,1
DA:2764,1
DA:2765,1
DA:2766,1
DA:2767,1
DA:2768,1
DA:2769,1
DA:2770,1
DA:2771,1
DA:2772,1
DA:2773,1
DA:2774,1
DA:2775,1
DA:2776,1
DA:2777,1
DA:2778,1
DA:2779,1
DA:2780,1
DA:2781,1
DA:2782,1
DA:2783,1
DA:2784,26
DA:2785,23
DA:2786,26
DA:2787,23
DA:2788,23
DA:2789,23
DA:2790,26
DA:2791,26
DA:2792,26
DA:2793,26
DA:2794,26
DA:2795,26
DA:2796,26
DA:2797,26
DA:2798,26
DA:2799,37
DA:2800,37
DA:2801,37
DA:2802,110
DA:2803,57
DA:2804,57
DA:2805,110
DA:2806,33
DA:2807,33
DA:2808,33
DA:2809,28
DA:2810,33
DA:2811,33
DA:2812,33
DA:2813,33
DA:2814,33
DA:2815,33
DA:2816,33
DA:2817,110
DA:2818,37
DA:2819,4
DA:2820,4
DA:2821,4
DA:2822,4
DA:2823,4
DA:2824,4
DA:2825,4
DA:2826,4
DA:2827,0
DA:2828,0
DA:2829,0
DA:2830,0
DA:2831,0
DA:2832,0
DA:2833,4
DA:2834,4
DA:2835,4
DA:2836,4
DA:2837,4
DA:2838,4
DA:2839,0
DA:2840,0
DA:2841,0
DA:2842,0
DA:2843,0
DA:2844,0
DA:2845,4
DA:2846,4
DA:2847,4
DA:2848,4
DA:2849,4
DA:2850,4
DA:2851,4
DA:2852,4
DA:2853,37
DA:2854,23
DA:2855,23
DA:2856,1
DA:2857,1
DA:2858,1
DA:2859,1
DA:2860,1
DA:2861,1
DA:2862,2
DA:2863,1
DA:2864,1
DA:2865,1
DA:2866,1
DA:2867,1
DA:2868,1
DA:2869,1
DA:2870,1
DA:2871,1
DA:2872,1
DA:2873,1
DA:2874,1
DA:2875,1
DA:2876,2
DA:2877,1
DA:2878,1
DA:2879,1
DA:2880,1
DA:2881,1
DA:2882,23
DA:2883,23
DA:2884,23
DA:2885,23
DA:2886,23
DA:2887,23
DA:2888,23
DA:2889,1
DA:2890,1
DA:2891,1
DA:2892,1
DA:2893,1
DA:2894,1
DA:2895,1
DA:2896,1
DA:2897,23
DA:2898,23
DA:2899,23
DA:2900,23
DA:2901,23
DA:2902,23
DA:2903,23
DA:2904,23
DA:2905,23
DA:2906,23
DA:2907,23
DA:2908,23
DA:2909,1
DA:2910,1
DA:2911,1
DA:2912,1
DA:2913,1
DA:2914,1
DA:2915,1
DA:2916,4
DA:2917,1
DA:2918,1
DA:2919,1
DA:2920,1
DA:2921,1
DA:2922,1
DA:2923,1
DA:2924,4
DA:2925,4
DA:2926,1
DA:2927,1
DA:2928,1
DA:2929,1
DA:2930,1
DA:2931,1
DA:2932,1
DA:2933,4
DA:2934,4
DA:2935,4
DA:2936,4
DA:2937,0
DA:2938,0
DA:2939,0
DA:2940,4
DA:2941,4
DA:2942,0
DA:2943,0
DA:2944,0
DA:2945,4
DA:2946,4
DA:2947,0
DA:2948,0
DA:2949,0
DA:2950,4
DA:2951,4
DA:2952,0
DA:2953,0
DA:2954,0
DA:2955,4
DA:2956,4
DA:2957,0
DA:2958,0
DA:2959,0
DA:2960,4
DA:2961,4
DA:2962,1
DA:2963,1
DA:2964,1
DA:2965,1
DA:2966,1
DA:2967,1
DA:2968,1
DA:2969,4
DA:2970,4
DA:2971,18
DA:2972,18
DA:2973,18
DA:2974,18
DA:2975,18
DA:2976,18
DA:2977,18
DA:2978,18
DA:2979,18
DA:2980,18
DA:2981,18
DA:2982,18
DA:2983,4
DA:2984,1
DA:2985,1
DA:2986,1
DA:2987,1
LF:2987
LH:2960
BRDA:1,0,0,1
BRDA:44,1,0,1
BRDA:47,2,0,0
BRDA:2601,3,0,2295
BRDA:2602,4,0,1278
BRDA:2602,5,0,15
BRDA:2603,6,0,2280
BRDA:2603,7,0,1607
BRDA:2603,8,0,66
BRDA:2604,9,0,2214
BRDA:2611,10,0,2295
BRDA:2612,11,0,22
BRDA:2613,12,0,2273
BRDA:2644,13,0,2
BRDA:2645,14,0,2271
BRDA:2645,15,0,15
BRDA:2646,16,0,2256
BRDA:2646,17,0,17
BRDA:2647,18,0,2239
BRDA:2647,19,0,198
BRDA:2648,20,0,2273
BRDA:2650,21,0,4
BRDA:2652,22,0,2
BRDA:2653,23,0,2269
BRDA:2653,24,0,274
BRDA:2655,25,0,272
BRDA:2656,26,0,1995
BRDA:2656,27,0,381
BRDA:2658,28,0,378
BRDA:2660,29,0,2273
BRDA:2660,30,0,650
BRDA:2661,31,0,605
BRDA:2661,32,0,604
BRDA:2661,33,0,54
BRDA:2662,34,0,596
BRDA:2662,35,0,64
BRDA:2662,36,0,51
BRDA:2662,37,0,39
BRDA:2662,38,0,39
BRDA:2663,39,0,557
BRDA:2663,40,0,231
BRDA:2663,41,0,43
BRDA:2665,42,0,2273
BRDA:2666,43,0,190
BRDA:2666,44,0,185
BRDA:2667,45,0,2273
BRDA:2675,46,0,44963
BRDA:2676,47,0,52
BRDA:2679,48,0,0
BRDA:2682,49,0,2273
BRDA:2687,50,0,15782
BRDA:2688,51,0,42
BRDA:2691,52,0,0
BRDA:2694,53,0,2273
BRDA:2699,54,0,41118
BRDA:2700,55,0,465
BRDA:2703,56,0,39
BRDA:2704,57,0,22
BRDA:2704,58,0,18
BRDA:2704,59,0,19
BRDA:2705,60,0,20
BRDA:2706,61,0,426
BRDA:2706,62,0,217
BRDA:2707,63,0,209
BRDA:2710,64,0,2273
BRDA:2711,65,0,444
BRDA:2714,66,0,215
BRDA:2715,67,0,229
BRDA:2715,68,0,226
BRDA:2715,69,0,81
BRDA:2716,70,0,148
BRDA:2718,71,0,2273
BRDA:2719,72,0,1506
BRDA:2719,73,0,35
BRDA:2719,74,0,12
BRDA:2720,75,0,2273
BRDA:2614,76,0,37656
BRDA:2616,77,0,34257
BRDA:2616,78,0,29963
BRDA:2616,79,0,26711
BRDA:2616,80,0,23492
BRDA:2616,81,0,15754
BRDA:2617,82,0,21902
BRDA:2617,83,0,302
BRDA:2617,84,0,24
BRDA:2617,85,0,278
BRDA:2618,86,0,21600
BRDA:2620,87,0,4066
BRDA:2622,88,0,8065
BRDA:2622,89,0,4044
BRDA:2623,90,0,6901
BRDA:2624,91,0,13991
BRDA:2624,92,0,7767
BRDA:2626,93,0,12409
BRDA:2626,94,0,9529
BRDA:2630,95,0,845
BRDA:2633,96,0,1674
BRDA:2633,97,0,835
BRDA:2636,98,0,2102
BRDA:2637,99,0,100
BRDA:2639,100,0,457
BRDA:2640,101,0,22
BRDA:2641,102,0,435
BRDA:2641,103,0,427
BRDA:2641,104,0,277
BRDA:2641,105,0,200
BRDA:2641,106,0,193
BRDA:2641,107,0,193
BRDA:2727,108,0,4
BRDA:2728,109,0,0
BRDA:2729,110,0,0
BRDA:2730,111,0,0
BRDA:2731,112,0,0
BRDA:2731,113,0,0
BRDA:2732,114,0,0
BRDA:2738,115,0,1
BRDA:2739,116,0,2291
BRDA:2741,117,0,1443
BRDA:2783,118,0,26
BRDA:2784,119,0,23
BRDA:2784,120,0,3
BRDA:2785,121,0,23
BRDA:2786,122,0,0
BRDA:2787,123,0,23
BRDA:2790,124,0,3
BRDA:2798,125,0,37
BRDA:2801,126,0,110
BRDA:2802,127,0,53
BRDA:2803,128,0,57
BRDA:2805,129,0,33
BRDA:2805,130,0,33
BRDA:2808,131,0,5
BRDA:2809,132,0,28
BRDA:2809,133,0,3
BRDA:2818,134,0,4
BRDA:2821,135,0,0
BRDA:2821,136,0,0
BRDA:2826,137,0,0
BRDA:2826,138,0,0
BRDA:2837,139,0,0
BRDA:2838,140,0,0
BRDA:2838,141,0,0
BRDA:2854,142,0,23
BRDA:2789,143,0,35
BRDA:2861,144,0,2
BRDA:2862,145,0,1
BRDA:2868,146,0,1
BRDA:2870,147,0,215
BRDA:2871,148,0,8
BRDA:2875,149,0,2
BRDA:2876,150,0,430
BRDA:2881,151,0,23
BRDA:2888,152,0,44
BRDA:2896,153,0,23
BRDA:2905,154,0,2
BRDA:2905,155,0,21
BRDA:2897,156,0,38
BRDA:2898,157,0,38
BRDA:2899,158,0,38
BRDA:2899,159,0,37
BRDA:2915,160,0,4
BRDA:2916,161,0,3
BRDA:2917,162,0,1
BRDA:2924,163,0,0
BRDA:2925,164,0,0
BRDA:2932,165,0,4
BRDA:2936,166,0,0
BRDA:2936,167,0,0
BRDA:2941,168,0,0
BRDA:2941,169,0,0
BRDA:2946,170,0,0
BRDA:2951,171,0,0
BRDA:2956,172,0,0
BRDA:2968,173,0,4
BRDA:2970,174,0,18
BRDA:2971,175,0,0
BRF:176
BRH:149
end_of_record
TN:
SF:extension\content\storage-manager.js
FN:1,(empty-report)
FNF:1
FNH:0
FNDA:0,(empty-report)
DA:1,0
DA:2,0
DA:3,0
DA:4,0
DA:5,0
DA:6,0
DA:7,0
DA:8,0
DA:9,0
DA:10,0
DA:11,0
DA:12,0
DA:13,0
DA:14,0
DA:15,0
DA:16,0
DA:17,0
DA:18,0
DA:19,0
DA:20,0
DA:21,0
DA:22,0
DA:23,0
DA:24,0
DA:25,0
DA:26,0
DA:27,0
DA:28,0
DA:29,0
DA:30,0
DA:31,0
DA:32,0
DA:33,0
DA:34,0
DA:35,0
DA:36,0
DA:37,0
DA:38,0
DA:39,0
DA:40,0
DA:41,0
DA:42,0
DA:43,0
DA:44,0
DA:45,0
DA:46,0
DA:47,0
DA:48,0
DA:49,0
DA:50,0
DA:51,0
DA:52,0
DA:53,0
DA:54,0
DA:55,0
DA:56,0
DA:57,0
DA:58,0
DA:59,0
DA:60,0
DA:61,0
DA:62,0
DA:63,0
DA:64,0
DA:65,0
DA:66,0
DA:67,0
DA:68,0
DA:69,0
DA:70,0
DA:71,0
DA:72,0
DA:73,0
DA:74,0
DA:75,0
DA:76,0
DA:77,0
DA:78,0
DA:79,0
DA:80,0
DA:81,0
DA:82,0
DA:83,0
DA:84,0
DA:85,0
DA:86,0
DA:87,0
DA:88,0
DA:89,0
DA:90,0
DA:91,0
DA:92,0
DA:93,0
DA:94,0
DA:95,0
DA:96,0
DA:97,0
DA:98,0
DA:99,0
DA:100,0
DA:101,0
DA:102,0
DA:103,0
DA:104,0
DA:105,0
DA:106,0
DA:107,0
DA:108,0
DA:109,0
DA:110,0
DA:111,0
DA:112,0
DA:113,0
DA:114,0
DA:115,0
DA:116,0
DA:117,0
DA:118,0
DA:119,0
DA:120,0
DA:121,0
DA:122,0
DA:123,0
DA:124,0
LF:124
LH:0
BRDA:1,0,0,0
BRF:1
BRH:0
end_of_record
